Using pre-set license
Built from '2020.3/release' branch; Version is '2020.3.1f1 (77a89f25062f) revision 7841951'; Using compiler version '192528614'; Build Type 'Release'
OS: 'Windows 10 Pro; OS build 19042.985; Version 2009; 64bit' Language: 'tr' Physical Memory: 16240 MB
BatchMode: 1, IsHumanControllingUs: 0, StartBugReporterOnCrash: 0, Is64bit: 1, IsPro: 0

 COMMAND LINE ARGUMENTS:
C:\Program Files\Unity\Hub\Editor\2020.3.1f1\Editor\Unity.exe
-adb2
-batchMode
-noUpm
-name
AssetImportWorker0
-projectPath
C:/Users/Bora/Desktop/Save/Save1/RTSGame_Save1
-logFile
Logs/AssetImportWorker0.log
-srvPort
55691
Successfully changed project path to: C:/Users/Bora/Desktop/Save/Save1/RTSGame_Save1
C:/Users/Bora/Desktop/Save/Save1/RTSGame_Save1
Using Asset Import Pipeline V2.
Refreshing native plugins compatible for Editor in 62.64 ms, found 0 plugins.
Preloading 0 native plugins for Editor in 0.00 ms.
Initialize engine version: 2020.3.1f1 (77a89f25062f)
[Subsystems] Discovering subsystems at path C:/Program Files/Unity/Hub/Editor/2020.3.1f1/Editor/Data/Resources/UnitySubsystems
[Subsystems] Discovering subsystems at path C:/Users/Bora/Desktop/Save/Save1/RTSGame_Save1/Assets
GfxDevice: creating device client; threaded=0
Direct3D:
    Version:  Direct3D 11.0 [level 11.1]
    Renderer: NVIDIA GeForce GTX 1660 Ti (ID=0x2191)
    Vendor:   
    VRAM:     5991 MB
    Driver:   26.21.14.4614
Shader 'Universal Render Pipeline/Particles/Lit': fallback shader 'Universal Render Pipeline/Particles/SimpleLit' not found
Initialize mono
Mono path[0] = 'C:/Program Files/Unity/Hub/Editor/2020.3.1f1/Editor/Data/Managed'
Mono path[1] = 'C:/Program Files/Unity/Hub/Editor/2020.3.1f1/Editor/Data/MonoBleedingEdge/lib/mono/unityjit'
Mono config path = 'C:/Program Files/Unity/Hub/Editor/2020.3.1f1/Editor/Data/MonoBleedingEdge/etc'
Using monoOptions --debugger-agent=transport=dt_socket,embedding=1,server=y,suspend=n,address=127.0.0.1:56044
Begin MonoManager ReloadAssembly
Registering precompiled unity dll's ...
Register platform support module: C:/Program Files/Unity/Hub/Editor/2020.3.1f1/Editor/Data/PlaybackEngines/WindowsStandaloneSupport/UnityEditor.WindowsStandalone.Extensions.dll
Registered in 0.001776 seconds.
Native extension for WindowsStandalone target not found
Refreshing native plugins compatible for Editor in 55.29 ms, found 0 plugins.
Preloading 0 native plugins for Editor in 0.00 ms.
Invoked RoslynAnalysisRunner static constructor.
RoslynAnalysisRunner will not be running.
RoslynAnalysisRunner has terminated.
Mono: successfully reloaded assembly
- Completed reload, in  0.927 seconds
Platform modules already initialized, skipping
Registering precompiled user dll's ...
Registered in 0.002640 seconds.
Begin MonoManager ReloadAssembly
Native extension for WindowsStandalone target not found
Refreshing native plugins compatible for Editor in 86.18 ms, found 0 plugins.
Preloading 0 native plugins for Editor in 0.00 ms.
Invoked RoslynAnalysisRunner static constructor.
RoslynAnalysisRunner will not be running.
RoslynAnalysisRunner has terminated.
Find all reader and writers took 95 milliseconds
Script Module: UnityEngine.UI.dll
Weave behaviours and messages took65 milliseconds
Find all reader and writers took 79 milliseconds
Script Module: Unity.RenderPipelines.Core.Runtime.dll
Weave behaviours and messages took52 milliseconds
Find all reader and writers took 66 milliseconds
Script Module: UnityEngine.TestRunner.dll
Weave behaviours and messages took19 milliseconds
Find all reader and writers took 81 milliseconds
Script Module: Unity.Mathematics.dll
Weave behaviours and messages took159 milliseconds
Find all reader and writers took 87 milliseconds
Script Module: Unity.InputSystem.dll
Weave behaviours and messages took180 milliseconds
Find all reader and writers took 100 milliseconds
Script Module: SimpleWebTransport.dll
Weave behaviours and messages took7 milliseconds
Find all reader and writers took 118 milliseconds
Script Module: Unity.RenderPipelines.Universal.Runtime.dll
Weave behaviours and messages took57 milliseconds
Find all reader and writers took 73 milliseconds
Script Module: Mirror.Components.dll
[NetworkAnimator] NetworkBehaviourProcessor
[NetworkRoomPlayer] NetworkBehaviourProcessor
[NetworkLobbyPlayer] NetworkBehaviourProcessor
[NetworkVisibility] NetworkBehaviourProcessor
[NetworkVisibility] Found NetworkBehaviour Mirror.NetworkVisibility
[NetworkVisibility] Process Start
[NetworkVisibility]   GenerateSerialization
[NetworkVisibility]   GenerateDeSerialization
[NetworkVisibility] Process Done
[NetworkMatchChecker] NetworkBehaviourProcessor
[NetworkVisibility] NetworkBehaviourProcessor
[NetworkProximityChecker] NetworkBehaviourProcessor
[NetworkRoomPlayer] NetworkBehaviourProcessor
[NetworkVisibility] NetworkBehaviourProcessor
[NetworkSceneChecker] NetworkBehaviourProcessor
[NetworkTransformBase] NetworkBehaviourProcessor
[NetworkTransform] NetworkBehaviourProcessor
[NetworkTransformBase] NetworkBehaviourProcessor
[NetworkTransformBase] NetworkBehaviourProcessor
[NetworkTransformChild] NetworkBehaviourProcessor
[NetworkLerpRigidbody] NetworkBehaviourProcessor
[NetworkRigidbody] NetworkBehaviourProcessor
[NetworkRigidbody2D] NetworkBehaviourProcessor
[NetworkTransformBase] NetworkBehaviourProcessor
[NetworkTransform] NetworkBehaviourProcessor
[NetworkTransformBase] NetworkBehaviourProcessor
[NetworkTransformBase] NetworkBehaviourProcessor
[NetworkTransformChild] NetworkBehaviourProcessor
Weave behaviours and messages took19 milliseconds
  ProcessSitesModule Mirror.Components.dll elapsed time:00:00:00.0069809
Find all reader and writers took 86 milliseconds
Script Module: Unity.TextMeshPro.dll
Weave behaviours and messages took75 milliseconds
Find all reader and writers took 64 milliseconds
Script Module: Unity.ProBuilder.Poly2Tri.dll
Weave behaviours and messages took4 milliseconds
Find all reader and writers took 75 milliseconds
Script Module: Cinemachine.dll
Weave behaviours and messages took39 milliseconds
Find all reader and writers took 73 milliseconds
Script Module: Unity.ProBuilder.dll
Weave behaviours and messages took57 milliseconds
Find all reader and writers took 77 milliseconds
Script Module: Assembly-CSharp.dll
[Building] NetworkBehaviourProcessor
[GameOverHandler] NetworkBehaviourProcessor
[TradeCenter] NetworkBehaviourProcessor
[UnitBase] NetworkBehaviourProcessor
[UnitSpawner] NetworkBehaviourProcessor
[CameraController] NetworkBehaviourProcessor
[Health] NetworkBehaviourProcessor
[Targetable] NetworkBehaviourProcessor
[Targeter] NetworkBehaviourProcessor
[RTSPlayer] NetworkBehaviourProcessor
[TeamColorSetter] NetworkBehaviourProcessor
[Unit] NetworkBehaviourProcessor
[UnitCommandGiver] NetworkBehaviourProcessor
[UnitFiring] NetworkBehaviourProcessor
[UnitMovement] NetworkBehaviourProcessor
[UnitProjectile] NetworkBehaviourProcessor
Weave behaviours and messages took12 milliseconds
  ProcessSitesModule Assembly-CSharp.dll elapsed time:00:00:00
Find all reader and writers took 87 milliseconds
Script Module: Telepathy.dll
Weave behaviours and messages took1 milliseconds
Find all reader and writers took 77 milliseconds
Script Module: Unity.ProGrids.dll
Weave behaviours and messages took0 milliseconds
Find all reader and writers took 72 milliseconds
Script Module: Unity.ProBuilder.Csg.dll
Weave behaviours and messages took2 milliseconds
Find all reader and writers took 77 milliseconds
Script Module: Mirror.Cloud.dll
Weave behaviours and messages took2 milliseconds
Find all reader and writers took 83 milliseconds
Script Module: kcp2k.dll
Weave behaviours and messages took3 milliseconds
Find all reader and writers took 87 milliseconds
Script Module: Unity.ProBuilder.KdTree.dll
Weave behaviours and messages took2 milliseconds
Find all reader and writers took 73 milliseconds
Script Module: Unity.RenderPipelines.Core.ShaderLibrary.dll
Weave behaviours and messages took0 milliseconds
Find all reader and writers took 71 milliseconds
Script Module: Unity.RenderPipeline.Universal.ShaderLibrary.dll
Weave behaviours and messages took0 milliseconds
Find all reader and writers took 71 milliseconds
Script Module: Mirror.Authenticators.dll
Weave behaviours and messages took3 milliseconds
  ProcessSitesModule Mirror.Authenticators.dll elapsed time:00:00:00.0009605
Find all reader and writers took 73 milliseconds
Script Module: Unity.ProBuilder.Stl.dll
Weave behaviours and messages took1 milliseconds
Find all reader and writers took 71 milliseconds
Script Module: Unity.RenderPipelines.Universal.Shaders.dll
Weave behaviours and messages took0 milliseconds
Find all reader and writers took 70 milliseconds
Script Module: Unity.RenderPipelines.ShaderGraph.ShaderGraphLibrary.dll
Weave behaviours and messages took0 milliseconds
Find all reader and writers took 134 milliseconds
Script Module: com.unity.cinemachine.editor.dll
Weave behaviours and messages took44 milliseconds
Find all reader and writers took 127 milliseconds
Script Module: UnityEditor.TestRunner.dll
Weave behaviours and messages took48 milliseconds
Find all reader and writers took 95 milliseconds
Script Module: Unity.ProBuilder.AssetIdRemapUtility.dll
Weave behaviours and messages took3 milliseconds
Find all reader and writers took 75 milliseconds
Script Module: Mirror.CompilerSymbols.dll
Weave behaviours and messages took0 milliseconds
Find all reader and writers took 93 milliseconds
Script Module: UnityEditor.UI.dll
Weave behaviours and messages took11 milliseconds
Find all reader and writers took 80 milliseconds
Script Module: Unity.ShaderGraph.Utilities.dll
Weave behaviours and messages took0 milliseconds
Mono: successfully reloaded assembly
- Completed reload, in  9.040 seconds
Platform modules already initialized, skipping
========================================================================
Worker process is ready to serve import requests
Shader 'Universal Render Pipeline/Particles/Lit': fallback shader 'Universal Render Pipeline/Particles/SimpleLit' not found
Launched and connected shader compiler UnityShaderCompiler.exe after 0.04 seconds
Refreshing native plugins compatible for Editor in 0.73 ms, found 0 plugins.
Preloading 0 native plugins for Editor in 0.00 ms.
Unloading 3072 Unused Serialized files (Serialized files now loaded: 0)
System memory in use before: 141.6 MB.
System memory in use after: 141.8 MB.

Unloading 121 unused Assets to reduce memory usage. Loaded Objects now: 3503.
Total: 4.921300 ms (FindLiveObjects: 0.379600 ms CreateObjectMapping: 0.221600 ms MarkObjects: 4.051500 ms  DeleteObjects: 0.266800 ms)

========================================================================
Received Import Request.
  path: Assets/Scenes
  artifactKey: Guid(db7c49a06eb9e3940af1373ab206aabd) Importer(815301076,1909f56bfc062723c751e8b465ee728b)
Start importing Assets/Scenes using Guid(db7c49a06eb9e3940af1373ab206aabd) Importer(815301076,1909f56bfc062723c751e8b465ee728b)  -> (artifact id: '279eb8d09980d7aa1cfdd5e182b9d177') in 0.010932 seconds
  Import took 0.016615 seconds .

========================================================================
Received Import Request.
  Time since last request: 0.000179 seconds.
  path: Assets/Scenes/SampleScene.unity
  artifactKey: Guid(9fc0d4010bbf28b4594072e72b8655ab) Importer(815301076,1909f56bfc062723c751e8b465ee728b)
Start importing Assets/Scenes/SampleScene.unity using Guid(9fc0d4010bbf28b4594072e72b8655ab) Importer(815301076,1909f56bfc062723c751e8b465ee728b)  -> (artifact id: '56a62cb6f579ad04e2412fec8eae1290') in 0.008125 seconds
  Import took 0.013137 seconds .

========================================================================
Received Import Request.
  Time since last request: 11.680927 seconds.
  path: Assets/Scenes/Scene_Menu.unity
  artifactKey: Guid(6390702793bbc79439cd4b54a93e11a3) Importer(815301076,1909f56bfc062723c751e8b465ee728b)
Start importing Assets/Scenes/Scene_Menu.unity using Guid(6390702793bbc79439cd4b54a93e11a3) Importer(815301076,1909f56bfc062723c751e8b465ee728b)  -> (artifact id: 'bbd0402d954deb7c4482a228f0959fdd') in 0.008309 seconds
  Import took 0.013860 seconds .

========================================================================
Received Prepare
Registering precompiled user dll's ...
Registered in 0.002715 seconds.
Begin MonoManager ReloadAssembly
Native extension for WindowsStandalone target not found
Refreshing native plugins compatible for Editor in 0.58 ms, found 0 plugins.
Preloading 0 native plugins for Editor in 0.00 ms.
Invoked RoslynAnalysisRunner static constructor.
RoslynAnalysisRunner will not be running.
RoslynAnalysisRunner has terminated.
Mono: successfully reloaded assembly
- Completed reload, in  1.128 seconds
Platform modules already initialized, skipping
Shader 'Universal Render Pipeline/Particles/Lit': fallback shader 'Universal Render Pipeline/Particles/SimpleLit' not found
Refreshing native plugins compatible for Editor in 0.63 ms, found 0 plugins.
Preloading 0 native plugins for Editor in 0.00 ms.
Unloading 2972 Unused Serialized files (Serialized files now loaded: 0)
System memory in use before: 135.2 MB.
System memory in use after: 135.4 MB.

Unloading 116 unused Assets to reduce memory usage. Loaded Objects now: 3506.
Total: 3.560300 ms (FindLiveObjects: 0.292600 ms CreateObjectMapping: 0.159600 ms MarkObjects: 2.990700 ms  DeleteObjects: 0.116400 ms)

========================================================================
Received Import Request.
  Time since last request: 64.630402 seconds.
  path: Assets/Scripts
  artifactKey: Guid(b491368cdb7c7c34c89f2b12626eeeaa) Importer(815301076,1909f56bfc062723c751e8b465ee728b)
Start importing Assets/Scripts using Guid(b491368cdb7c7c34c89f2b12626eeeaa) Importer(815301076,1909f56bfc062723c751e8b465ee728b)  -> (artifact id: '458767e61c01747584598c6c6720e646') in 0.012048 seconds
  Import took 0.018131 seconds .

========================================================================
Received Import Request.
  Time since last request: 1.411974 seconds.
  path: Assets/Scripts/Buildings
  artifactKey: Guid(87d49d900b867d44489d3e147a46332b) Importer(815301076,1909f56bfc062723c751e8b465ee728b)
Start importing Assets/Scripts/Buildings using Guid(87d49d900b867d44489d3e147a46332b) Importer(815301076,1909f56bfc062723c751e8b465ee728b)  -> (artifact id: 'ac8b256e01cffeee8ddb34109ee17257') in 0.008076 seconds
  Import took 0.013820 seconds .

========================================================================
Received Import Request.
  Time since last request: 2.725268 seconds.
  path: Assets/Scripts/Camera
  artifactKey: Guid(a879cda392243de409f6620f0e292576) Importer(815301076,1909f56bfc062723c751e8b465ee728b)
Start importing Assets/Scripts/Camera using Guid(a879cda392243de409f6620f0e292576) Importer(815301076,1909f56bfc062723c751e8b465ee728b)  -> (artifact id: '243172ac4d73d36c766494083183c2da') in 0.007223 seconds
  Import took 0.013133 seconds .

========================================================================
Received Import Request.
  Time since last request: 3.138616 seconds.
  path: Assets/Scripts/Buildings/Building.cs
  artifactKey: Guid(09ddf79b0f8883040aa49e033fd3e3cf) Importer(815301076,1909f56bfc062723c751e8b465ee728b)
Start importing Assets/Scripts/Buildings/Building.cs using Guid(09ddf79b0f8883040aa49e033fd3e3cf) Importer(815301076,1909f56bfc062723c751e8b465ee728b)  -> (artifact id: '8f05c95b7cb73cde42f1aedc46462577') in 0.035368 seconds
  Import took 0.040490 seconds .

========================================================================
Received Import Request.
  Time since last request: 0.006392 seconds.
  path: Assets/Scripts/Buildings/Building.cs
  artifactKey: Guid(09ddf79b0f8883040aa49e033fd3e3cf) Importer(815301076,1909f56bfc062723c751e8b465ee728b)
Start importing Assets/Scripts/Buildings/Building.cs using Guid(09ddf79b0f8883040aa49e033fd3e3cf) Importer(815301076,1909f56bfc062723c751e8b465ee728b)  -> (artifact id: '8f05c95b7cb73cde42f1aedc46462577') in 0.002868 seconds
  Import took 0.008736 seconds .

AssetImportWorkerClient::OnTransportError - code=2 error=End of file
